# JRE version: OpenJDK Runtime Environment Temurin-21.0.8+9 (21.0.8+9) (build 21.0.8+9-LTS)
# Java VM: OpenJDK 64-Bit Server VM Temurin-21.0.8+9 (21.0.8+9-LTS, mixed mode, sharing, tiered, compressed oops, compressed class ptrs, parallel gc, windows-amd64)
GC Precious Log:
 CardTable entry size: 512
 CPUs: 4 total, 4 available
 Memory: 5977M
 Large Page Support: Disabled
 NUMA Support: Disabled
 Compressed Oops: Enabled (32-bit)
 Alignments: Space 512K, Generation 512K, Heap 2M
 Heap Min Capacity: 100M
 Heap Initial Capacity: 100M
 Heap Max Capacity: 2G
 Pre-touch: Disabled
 Parallel Workers: 4
Heap:
 PSYoungGen      total 2560K, used 1122K [0x00000000d5580000, 0x00000000d5900000, 0x0000000100000000)
  eden space 1536K, 64% used [0x00000000d5580000,0x00000000d5678a70,0x00000000d5700000)
  from space 1024K, 12% used [0x00000000d5700000,0x00000000d5720000,0x00000000d5800000)
  to   space 512K, 0% used [0x00000000d5880000,0x00000000d5880000,0x00000000d5900000)
 ParOldGen       total 243712K, used 219782K [0x0000000080000000, 0x000000008ee00000, 0x00000000d5580000)
  object space 243712K, 90% used [0x0000000080000000,0x000000008d6a19f0,0x000000008ee00000)
 Metaspace       used 73955K, committed 75520K, reserved 1179648K
  class space    used 7752K, committed 8448K, reserved 1048576K
GC Heap History (20 events):
Event: 155.935 GC heap before
{Heap before GC invocations=1409 (full 4):
 PSYoungGen      total 1024K, used 790K [0x00000000d5580000, 0x00000000d5800000, 0x0000000100000000)
  eden space 512K, 77% used [0x00000000d5580000,0x00000000d55e3be0,0x00000000d5600000)
  from space 512K, 76% used [0x00000000d5600000,0x00000000d5661f90,0x00000000d5680000)
  to   space 1024K, 0% used [0x00000000d5700000,0x00000000d5700000,0x00000000d5800000)
 ParOldGen       total 243712K, used 214757K [0x0000000080000000, 0x000000008ee00000, 0x00000000d5580000)
  object space 243712K, 88% used [0x0000000080000000,0x000000008d1b9500,0x000000008ee00000)
 Metaspace       used 73749K, committed 75392K, reserved 1179648K
  class space    used 7724K, committed 8448K, reserved 1048576K
}
Event: 155.937 GC heap after
{Heap after GC invocations=1409 (full 4):
 PSYoungGen      total 1024K, used 342K [0x00000000d5580000, 0x00000000d5780000, 0x0000000100000000)
  eden space 512K, 0% used [0x00000000d5580000,0x00000000d5580000,0x00000000d5600000)
  from space 512K, 66% used [0x00000000d5700000,0x00000000d5755880,0x00000000d5780000)
  to   space 512K, 0% used [0x00000000d5600000,0x00000000d5600000,0x00000000d5680000)
 ParOldGen       total 243712K, used 215088K [0x0000000080000000, 0x000000008ee00000, 0x00000000d5580000)
  object space 243712K, 88% used [0x0000000080000000,0x000000008d20c180,0x000000008ee00000)
 Metaspace       used 73749K, committed 75392K, reserved 1179648K
  class space    used 7724K, committed 8448K, reserved 1048576K
}
Event: 155.959 GC heap before
{Heap before GC invocations=1410 (full 4):
 PSYoungGen      total 1024K, used 803K [0x00000000d5580000, 0x00000000d5780000, 0x0000000100000000)
  eden space 512K, 90% used [0x00000000d5580000,0x00000000d55f3650,0x00000000d5600000)
  from space 512K, 66% used [0x00000000d5700000,0x00000000d5755880,0x00000000d5780000)
  to   space 512K, 0% used [0x00000000d5600000,0x00000000d5600000,0x00000000d5680000)
 ParOldGen       total 243712K, used 215088K [0x0000000080000000, 0x000000008ee00000, 0x00000000d5580000)
  object space 243712K, 88% used [0x0000000080000000,0x000000008d20c180,0x000000008ee00000)
 Metaspace       used 73749K, committed 75392K, reserved 1179648K
  class space    used 7724K, committed 8448K, reserved 1048576K
}
Event: 155.961 GC heap after
{Heap after GC invocations=1410 (full 4):
 PSYoungGen      total 1024K, used 409K [0x00000000d5580000, 0x00000000d5780000, 0x0000000100000000)
  eden space 512K, 0% used [0x00000000d5580000,0x00000000d5580000,0x00000000d5600000)
  from space 512K, 79% used [0x00000000d5600000,0x00000000d56664c8,0x00000000d5680000)
  to   space 512K, 0% used [0x00000000d5700000,0x00000000d5700000,0x00000000d5780000)
 ParOldGen       total 243712K, used 215354K [0x0000000080000000, 0x000000008ee00000, 0x00000000d5580000)
  object space 243712K, 88% used [0x0000000080000000,0x000000008d24eba0,0x000000008ee00000)
 Metaspace       used 73749K, committed 75392K, reserved 1179648K
  class space    used 7724K, committed 8448K, reserved 1048576K
}
Event: 155.964 GC heap before
{Heap before GC invocations=1411 (full 4):
 PSYoungGen      total 1024K, used 921K [0x00000000d5580000, 0x00000000d5780000, 0x0000000100000000)
  eden space 512K, 100% used [0x00000000d5580000,0x00000000d5600000,0x00000000d5600000)
  from space 512K, 79% used [0x00000000d5600000,0x00000000d56664c8,0x00000000d5680000)
  to   space 512K, 0% used [0x00000000d5700000,0x00000000d5700000,0x00000000d5780000)
 ParOldGen       total 243712K, used 215354K [0x0000000080000000, 0x000000008ee00000, 0x00000000d5580000)
  object space 243712K, 88% used [0x0000000080000000,0x000000008d24eba0,0x000000008ee00000)
 Metaspace       used 73749K, committed 75392K, reserved 1179648K
  class space    used 7724K, committed 8448K, reserved 1048576K
}
Event: 155.968 GC heap after
{Heap after GC invocations=1411 (full 4):
 PSYoungGen      total 1024K, used 505K [0x00000000d5580000, 0x00000000d5880000, 0x0000000100000000)
  eden space 512K, 0% used [0x00000000d5580000,0x00000000d5580000,0x00000000d5600000)
  from space 512K, 98% used [0x00000000d5700000,0x00000000d577e4e8,0x00000000d5780000)
  to   space 1024K, 0% used [0x00000000d5600000,0x00000000d5600000,0x00000000d5700000)
 ParOldGen       total 243712K, used 215713K [0x0000000080000000, 0x000000008ee00000, 0x00000000d5580000)
  object space 243712K, 88% used [0x0000000080000000,0x000000008d2a85d8,0x000000008ee00000)
 Metaspace       used 73749K, committed 75392K, reserved 1179648K
  class space    used 7724K, committed 8448K, reserved 1048576K
}
Event: 155.978 GC heap before
{Heap before GC invocations=1412 (full 4):
 PSYoungGen      total 1024K, used 963K [0x00000000d5580000, 0x00000000d5880000, 0x0000000100000000)
  eden space 512K, 89% used [0x00000000d5580000,0x00000000d55f29c0,0x00000000d5600000)
  from space 512K, 98% used [0x00000000d5700000,0x00000000d577e4e8,0x00000000d5780000)
  to   space 1024K, 0% used [0x00000000d5600000,0x00000000d5600000,0x00000000d5700000)
 ParOldGen       total 243712K, used 215713K [0x0000000080000000, 0x000000008ee00000, 0x00000000d5580000)
  object space 243712K, 88% used [0x0000000080000000,0x000000008d2a85d8,0x000000008ee00000)
 Metaspace       used 73749K, committed 75392K, reserved 1179648K
  class space    used 7724K, committed 8448K, reserved 1048576K
}
Event: 155.981 GC heap after
{Heap after GC invocations=1412 (full 4):
 PSYoungGen      total 1536K, used 325K [0x00000000d5580000, 0x00000000d5780000, 0x0000000100000000)
  eden space 512K, 0% used [0x00000000d5580000,0x00000000d5580000,0x00000000d5600000)
  from space 1024K, 31% used [0x00000000d5600000,0x00000000d5651698,0x00000000d5700000)
  to   space 512K, 0% used [0x00000000d5700000,0x00000000d5700000,0x00000000d5780000)
 ParOldGen       total 243712K, used 216154K [0x0000000080000000, 0x000000008ee00000, 0x00000000d5580000)
  object space 243712K, 88% used [0x0000000080000000,0x000000008d316bc8,0x000000008ee00000)
 Metaspace       used 73749K, committed 75392K, reserved 1179648K
  class space    used 7724K, committed 8448K, reserved 1048576K
}
Event: 155.997 GC heap before
{Heap before GC invocations=1413 (full 4):
 PSYoungGen      total 1536K, used 837K [0x00000000d5580000, 0x00000000d5780000, 0x0000000100000000)
  eden space 512K, 99% used [0x00000000d5580000,0x00000000d55fffa0,0x00000000d5600000)
  from space 1024K, 31% used [0x00000000d5600000,0x00000000d5651698,0x00000000d5700000)
  to   space 512K, 0% used [0x00000000d5700000,0x00000000d5700000,0x00000000d5780000)
 ParOldGen       total 243712K, used 216154K [0x0000000080000000, 0x000000008ee00000, 0x00000000d5580000)
  object space 243712K, 88% used [0x0000000080000000,0x000000008d316bc8,0x000000008ee00000)
 Metaspace       used 73749K, committed 75392K, reserved 1179648K
  class space    used 7724K, committed 8448K, reserved 1048576K
}
Event: 155.999 GC heap after
{Heap after GC invocations=1413 (full 4):
 PSYoungGen      total 1536K, used 389K [0x00000000d5580000, 0x00000000d5780000, 0x0000000100000000)
  eden space 1024K, 0% used [0x00000000d5580000,0x00000000d5580000,0x00000000d5680000)
  from space 512K, 75% used [0x00000000d5700000,0x00000000d5761450,0x00000000d5780000)
  to   space 512K, 0% used [0x00000000d5680000,0x00000000d5680000,0x00000000d5700000)
 ParOldGen       total 243712K, used 216453K [0x0000000080000000, 0x000000008ee00000, 0x00000000d5580000)
  object space 243712K, 88% used [0x0000000080000000,0x000000008d3615e0,0x000000008ee00000)
 Metaspace       used 73749K, committed 75392K, reserved 1179648K
  class space    used 7724K, committed 8448K, reserved 1048576K
}
Event: 156.018 GC heap before
{Heap before GC invocations=1414 (full 4):
 PSYoungGen      total 1536K, used 1413K [0x00000000d5580000, 0x00000000d5780000, 0x0000000100000000)
  eden space 1024K, 100% used [0x00000000d5580000,0x00000000d5680000,0x00000000d5680000)
  from space 512K, 75% used [0x00000000d5700000,0x00000000d5761450,0x00000000d5780000)
  to   space 512K, 0% used [0x00000000d5680000,0x00000000d5680000,0x00000000d5700000)
 ParOldGen       total 243712K, used 216453K [0x0000000080000000, 0x000000008ee00000, 0x00000000d5580000)
  object space 243712K, 88% used [0x0000000080000000,0x000000008d3615e0,0x000000008ee00000)
 Metaspace       used 73749K, committed 75392K, reserved 1179648K
  class space    used 7724K, committed 8448K, reserved 1048576K
}
Event: 156.040 GC heap after
{Heap after GC invocations=1414 (full 4):
 PSYoungGen      total 1536K, used 502K [0x00000000d5580000, 0x00000000d5a00000, 0x0000000100000000)
  eden space 1024K, 0% used [0x00000000d5580000,0x00000000d5580000,0x00000000d5680000)
  from space 512K, 98% used [0x00000000d5680000,0x00000000d56fda80,0x00000000d5700000)
  to   space 1536K, 0% used [0x00000000d5880000,0x00000000d5880000,0x00000000d5a00000)
 ParOldGen       total 243712K, used 216959K [0x0000000080000000, 0x000000008ee00000, 0x00000000d5580000)
  object space 243712K, 89% used [0x0000000080000000,0x000000008d3dfe78,0x000000008ee00000)
 Metaspace       used 73749K, committed 75392K, reserved 1179648K
  class space    used 7724K, committed 8448K, reserved 1048576K
}
Event: 156.070 GC heap before
{Heap before GC invocations=1415 (full 4):
 PSYoungGen      total 1536K, used 1526K [0x00000000d5580000, 0x00000000d5a00000, 0x0000000100000000)
  eden space 1024K, 99% used [0x00000000d5580000,0x00000000d567ffe0,0x00000000d5680000)
  from space 512K, 98% used [0x00000000d5680000,0x00000000d56fda80,0x00000000d5700000)
  to   space 1536K, 0% used [0x00000000d5880000,0x00000000d5880000,0x00000000d5a00000)
 ParOldGen       total 243712K, used 217801K [0x0000000080000000, 0x000000008ee00000, 0x00000000d5580000)
  object space 243712K, 89% used [0x0000000080000000,0x000000008d4b2708,0x000000008ee00000)
 Metaspace       used 73749K, committed 75392K, reserved 1179648K
  class space    used 7724K, committed 8448K, reserved 1048576K
}
Event: 156.074 GC heap after
{Heap after GC invocations=1415 (full 4):
 PSYoungGen      total 2048K, used 340K [0x00000000d5580000, 0x00000000d5900000, 0x0000000100000000)
  eden space 1536K, 0% used [0x00000000d5580000,0x00000000d5580000,0x00000000d5700000)
  from space 512K, 66% used [0x00000000d5880000,0x00000000d58d51b0,0x00000000d5900000)
  to   space 1024K, 0% used [0x00000000d5700000,0x00000000d5700000,0x00000000d5800000)
 ParOldGen       total 243712K, used 218291K [0x0000000080000000, 0x000000008ee00000, 0x00000000d5580000)
  object space 243712K, 89% used [0x0000000080000000,0x000000008d52ccd8,0x000000008ee00000)
 Metaspace       used 73749K, committed 75392K, reserved 1179648K
  class space    used 7724K, committed 8448K, reserved 1048576K
}
Event: 156.187 GC heap before
{Heap before GC invocations=1416 (full 4):
 PSYoungGen      total 2048K, used 1876K [0x00000000d5580000, 0x00000000d5900000, 0x0000000100000000)
  eden space 1536K, 100% used [0x00000000d5580000,0x00000000d5700000,0x00000000d5700000)
  from space 512K, 66% used [0x00000000d5880000,0x00000000d58d51b0,0x00000000d5900000)
  to   space 1024K, 0% used [0x00000000d5700000,0x00000000d5700000,0x00000000d5800000)
 ParOldGen       total 243712K, used 218291K [0x0000000080000000, 0x000000008ee00000, 0x00000000d5580000)
  object space 243712K, 89% used [0x0000000080000000,0x000000008d52ccd8,0x000000008ee00000)
 Metaspace       used 73821K, committed 75392K, reserved 1179648K
  class space    used 7745K, committed 8448K, reserved 1048576K
}
Event: 156.190 GC heap after
{Heap after GC invocations=1416 (full 4):
 PSYoungGen      total 2560K, used 825K [0x00000000d5580000, 0x00000000d5980000, 0x0000000100000000)
  eden space 1536K, 0% used [0x00000000d5580000,0x00000000d5580000,0x00000000d5700000)
  from space 1024K, 80% used [0x00000000d5700000,0x00000000d57ce4b8,0x00000000d5800000)
  to   space 1024K, 0% used [0x00000000d5880000,0x00000000d5880000,0x00000000d5980000)
 ParOldGen       total 243712K, used 218539K [0x0000000080000000, 0x000000008ee00000, 0x00000000d5580000)
  object space 243712K, 89% used [0x0000000080000000,0x000000008d56af48,0x000000008ee00000)
 Metaspace       used 73821K, committed 75392K, reserved 1179648K
  class space    used 7745K, committed 8448K, reserved 1048576K
}
Event: 156.286 GC heap before
{Heap before GC invocations=1417 (full 4):
 PSYoungGen      total 2560K, used 2361K [0x00000000d5580000, 0x00000000d5980000, 0x0000000100000000)
  eden space 1536K, 99% used [0x00000000d5580000,0x00000000d56fffe0,0x00000000d5700000)
  from space 1024K, 80% used [0x00000000d5700000,0x00000000d57ce4b8,0x00000000d5800000)
  to   space 1024K, 0% used [0x00000000d5880000,0x00000000d5880000,0x00000000d5980000)
 ParOldGen       total 243712K, used 218539K [0x0000000080000000, 0x000000008ee00000, 0x00000000d5580000)
  object space 243712K, 89% used [0x0000000080000000,0x000000008d56af48,0x000000008ee00000)
 Metaspace       used 73827K, committed 75392K, reserved 1179648K
  class space    used 7746K, committed 8448K, reserved 1048576K
}
Event: 156.291 GC heap after
{Heap after GC invocations=1417 (full 4):
 PSYoungGen      total 2560K, used 564K [0x00000000d5580000, 0x00000000d5980000, 0x0000000100000000)
  eden space 1536K, 0% used [0x00000000d5580000,0x00000000d5580000,0x00000000d5700000)
  from space 1024K, 55% used [0x00000000d5880000,0x00000000d590d370,0x00000000d5980000)
  to   space 1024K, 0% used [0x00000000d5700000,0x00000000d5700000,0x00000000d5800000)
 ParOldGen       total 243712K, used 219302K [0x0000000080000000, 0x000000008ee00000, 0x00000000d5580000)
  object space 243712K, 89% used [0x0000000080000000,0x000000008d6299f0,0x000000008ee00000)
 Metaspace       used 73827K, committed 75392K, reserved 1179648K
  class space    used 7746K, committed 8448K, reserved 1048576K
}
Event: 7536.205 GC heap before
{Heap before GC invocations=1418 (full 4):
 PSYoungGen      total 2560K, used 2100K [0x00000000d5580000, 0x00000000d5980000, 0x0000000100000000)
  eden space 1536K, 99% used [0x00000000d5580000,0x00000000d56ffff0,0x00000000d5700000)
  from space 1024K, 55% used [0x00000000d5880000,0x00000000d590d370,0x00000000d5980000)
  to   space 1024K, 0% used [0x00000000d5700000,0x00000000d5700000,0x00000000d5800000)
 ParOldGen       total 243712K, used 219302K [0x0000000080000000, 0x000000008ee00000, 0x00000000d5580000)
  object space 243712K, 89% used [0x0000000080000000,0x000000008d6299f0,0x000000008ee00000)
 Metaspace       used 73932K, committed 75520K, reserved 1179648K
  class space    used 7752K, committed 8448K, reserved 1048576K
}
Event: 7536.257 GC heap after
{Heap after GC invocations=1418 (full 4):
 PSYoungGen      total 2560K, used 128K [0x00000000d5580000, 0x00000000d5900000, 0x0000000100000000)
  eden space 1536K, 0% used [0x00000000d5580000,0x00000000d5580000,0x00000000d5700000)
  from space 1024K, 12% used [0x00000000d5700000,0x00000000d5720000,0x00000000d5800000)
  to   space 512K, 0% used [0x00000000d5880000,0x00000000d5880000,0x00000000d5900000)
 ParOldGen       total 243712K, used 219782K [0x0000000080000000, 0x000000008ee00000, 0x00000000d5580000)
  object space 243712K, 90% used [0x0000000080000000,0x000000008d6a19f0,0x000000008ee00000)
 Metaspace       used 73932K, committed 75520K, reserved 1179648K
  class space    used 7752K, committed 8448K, reserved 1048576K
}

